<?xml version="1.0" encoding="UTF-8"?>
<!-- Generated by org.testng.reporters.JUnitReportReporter -->
<testsuite hostname="NDATSTNPC074" name="com.markit.common.framework.runtestsuit.PegaRegression_RunTestSuit" tests="2" failures="0" timestamp="12 Apr 2017 07:38:24 GMT" time="988.769" errors="1">
  <testcase name="QAsendsToSP" time="988.719" classname="com.markit.common.framework.runtestsuit.PegaRegression_RunTestSuit">
    <error type="org.openqa.selenium.WebDriverException" message="unknown error: Element &lt;a href=&quot;#&quot; onclick=&quot;pd(event);&quot; name=&quot;AttrValidationBox_pyWorkPage.KYCTypes(12).Owners(2).ItemList(4)_16&quot; class=&quot;&quot; data-ctl=&quot;&quot; data-click=&quot;[[&amp;quot;runActivity&amp;quot;, [&amp;quot;SetQAValidationToTrue&amp;quot;, &amp;quot;=&amp;quot;, &amp;quot;pyWorkPage.KYCTypes(12).Owners(2).ItemList(4)&amp;quot;, &amp;quot;:event&amp;quot;, &amp;quot;&amp;quot;]],[&amp;quot;refresh&amp;quot;, [&amp;quot;thisSection&amp;quot;,&amp;quot;&amp;quot;, &amp;quot;&amp;quot;, &amp;quot;&amp;amp;=&amp;quot;, &amp;quot;&amp;quot;, &amp;quot;,&amp;quot;,&amp;quot;:event&amp;quot;,&amp;quot;1&amp;quot;,&amp;quot;pyWorkPage.KYCTypes(12).Owners(2).ItemList(4)&amp;quot;]],[&amp;quot;refresh&amp;quot;, [&amp;quot;otherSection&amp;quot;,&amp;quot;AttrCommentsBox&amp;quot;, &amp;quot;&amp;quot;, &amp;quot;&amp;amp;=&amp;quot;, &amp;quot;&amp;quot;, &amp;quot;,&amp;quot;,&amp;quot;:event&amp;quot;,&amp;quot;1&amp;quot;,&amp;quot;pyWorkPage.KYCTypes(12).Owners(2).ItemList(4)&amp;quot;]],[&amp;quot;refresh&amp;quot;, [&amp;quot;otherSection&amp;quot;,&amp;quot;QuestionsDefault&amp;quot;, &amp;quot;&amp;quot;, &amp;quot;&amp;amp;=&amp;quot;, &amp;quot;&amp;quot;, &amp;quot;,&amp;quot;,&amp;quot;:event&amp;quot;,&amp;quot;&amp;quot;,&amp;quot;pyWorkPage.KYCTypes(12).Owners(2).ItemList(4)&amp;quot;]]]&quot;&gt;...&lt;/a&gt; is not clickable at point (798, 645). Other element would receive the click: &lt;table class=&quot;attr-box&quot;&gt;...&lt;/table&gt;
  (Session info: chrome=57.0.2987.133)
  (Driver info: chromedriver=2.29.461591 (62ebf098771772160f391d75e589dc567915b233),platform=Windows NT 6.1.7601 SP1 x86_64) (WARNING: The server did not provide any stacktrace information)
Command duration or timeout: 58 milliseconds
Build info: version: &#039;2.44.0&#039;, revision: &#039;76d78cf323ce037c5f92db6c1bba601c2ac43ad8&#039;, time: &#039;2014-10-23 13:11:40&#039;
System info: host: &#039;NDATSTNPC074&#039;, ip: &#039;10.129.10.31&#039;, os.name: &#039;Windows 7&#039;, os.arch: &#039;amd64&#039;, os.version: &#039;6.1&#039;, java.version: &#039;1.8.0_31&#039;
Driver info: org.openqa.selenium.chrome.ChromeDriver
Capabilities [{applicationCacheEnabled=false, rotatable=false, mobileEmulationEnabled=false, networkConnectionEnabled=false, chrome={chromedriverVersion=2.29.461591 (62ebf098771772160f391d75e589dc567915b233), userDataDir=C:\Users\ANKITA~1.GUP\AppData\Local\Temp\scoped_dir32972_23559}, takesHeapSnapshot=true, pageLoadStrategy=normal, databaseEnabled=false, handlesAlerts=true, hasTouchScreen=false, version=57.0.2987.133, platform=XP, browserConnectionEnabled=false, nativeEvents=true, acceptSslCerts=true, locationContextEnabled=true, webStorageEnabled=true, browserName=chrome, takesScreenshot=true, javascriptEnabled=true, cssSelectorsEnabled=true, unexpectedAlertBehaviour=}]
Session ID: f6c9df0463ab3a6062c8c598372cf9e4">
      <![CDATA[org.openqa.selenium.WebDriverException: unknown error: Element <a href="#" onclick="pd(event);" name="AttrValidationBox_pyWorkPage.KYCTypes(12).Owners(2).ItemList(4)_16" class="" data-ctl="" data-click="[[&quot;runActivity&quot;, [&quot;SetQAValidationToTrue&quot;, &quot;=&quot;, &quot;pyWorkPage.KYCTypes(12).Owners(2).ItemList(4)&quot;, &quot;:event&quot;, &quot;&quot;]],[&quot;refresh&quot;, [&quot;thisSection&quot;,&quot;&quot;, &quot;&quot;, &quot;&amp;=&quot;, &quot;&quot;, &quot;,&quot;,&quot;:event&quot;,&quot;1&quot;,&quot;pyWorkPage.KYCTypes(12).Owners(2).ItemList(4)&quot;]],[&quot;refresh&quot;, [&quot;otherSection&quot;,&quot;AttrCommentsBox&quot;, &quot;&quot;, &quot;&amp;=&quot;, &quot;&quot;, &quot;,&quot;,&quot;:event&quot;,&quot;1&quot;,&quot;pyWorkPage.KYCTypes(12).Owners(2).ItemList(4)&quot;]],[&quot;refresh&quot;, [&quot;otherSection&quot;,&quot;QuestionsDefault&quot;, &quot;&quot;, &quot;&amp;=&quot;, &quot;&quot;, &quot;,&quot;,&quot;:event&quot;,&quot;&quot;,&quot;pyWorkPage.KYCTypes(12).Owners(2).ItemList(4)&quot;]]]">...</a> is not clickable at point (798, 645). Other element would receive the click: <table class="attr-box">...</table>
  (Session info: chrome=57.0.2987.133)
  (Driver info: chromedriver=2.29.461591 (62ebf098771772160f391d75e589dc567915b233),platform=Windows NT 6.1.7601 SP1 x86_64) (WARNING: The server did not provide any stacktrace information)
Command duration or timeout: 58 milliseconds
Build info: version: '2.44.0', revision: '76d78cf323ce037c5f92db6c1bba601c2ac43ad8', time: '2014-10-23 13:11:40'
System info: host: 'NDATSTNPC074', ip: '10.129.10.31', os.name: 'Windows 7', os.arch: 'amd64', os.version: '6.1', java.version: '1.8.0_31'
Driver info: org.openqa.selenium.chrome.ChromeDriver
Capabilities [{applicationCacheEnabled=false, rotatable=false, mobileEmulationEnabled=false, networkConnectionEnabled=false, chrome={chromedriverVersion=2.29.461591 (62ebf098771772160f391d75e589dc567915b233), userDataDir=C:\Users\ANKITA~1.GUP\AppData\Local\Temp\scoped_dir32972_23559}, takesHeapSnapshot=true, pageLoadStrategy=normal, databaseEnabled=false, handlesAlerts=true, hasTouchScreen=false, version=57.0.2987.133, platform=XP, browserConnectionEnabled=false, nativeEvents=true, acceptSslCerts=true, locationContextEnabled=true, webStorageEnabled=true, browserName=chrome, takesScreenshot=true, javascriptEnabled=true, cssSelectorsEnabled=true, unexpectedAlertBehaviour=}]
Session ID: f6c9df0463ab3a6062c8c598372cf9e4
	at sun.reflect.NativeConstructorAccessorImpl.newInstance0(Native Method)
	at sun.reflect.NativeConstructorAccessorImpl.newInstance(NativeConstructorAccessorImpl.java:62)
	at sun.reflect.DelegatingConstructorAccessorImpl.newInstance(DelegatingConstructorAccessorImpl.java:45)
	at java.lang.reflect.Constructor.newInstance(Constructor.java:408)
	at org.openqa.selenium.remote.ErrorHandler.createThrowable(ErrorHandler.java:204)
	at org.openqa.selenium.remote.ErrorHandler.throwIfResponseFailed(ErrorHandler.java:156)
	at org.openqa.selenium.remote.RemoteWebDriver.execute(RemoteWebDriver.java:599)
	at org.openqa.selenium.remote.RemoteWebElement.execute(RemoteWebElement.java:268)
	at org.openqa.selenium.remote.RemoteWebElement.click(RemoteWebElement.java:79)
	at com.markit.framework.pega.pageMethods.PEGACases.acceptAttributes(PEGACases.java:116)
	at com.markit.framework.pega.pageMethods.PEGACases.acceptAttributes_withNavigation_AcceptHyperLink(PEGACases.java:796)
	at com.markit.framework.pega.testcases.PEGARegTC.tc_SMEQAacceptsFinalTasks(PEGARegTC.java:188)
	at com.markit.common.framework.runtestsuit.PegaRegression_RunTestSuit.QAsendsToSP(PegaRegression_RunTestSuit.java:130)
	at sun.reflect.NativeMethodAccessorImpl.invoke0(Native Method)
	at sun.reflect.NativeMethodAccessorImpl.invoke(NativeMethodAccessorImpl.java:62)
	at sun.reflect.DelegatingMethodAccessorImpl.invoke(DelegatingMethodAccessorImpl.java:43)
	at java.lang.reflect.Method.invoke(Method.java:483)
	at org.testng.internal.MethodInvocationHelper.invokeMethod(MethodInvocationHelper.java:86)
	at org.testng.internal.Invoker.invokeMethod(Invoker.java:646)
	at org.testng.internal.Invoker.invokeTestMethod(Invoker.java:823)
	at org.testng.internal.Invoker.invokeTestMethods(Invoker.java:1131)
	at org.testng.internal.TestMethodWorker.invokeTestMethods(TestMethodWorker.java:129)
	at org.testng.internal.TestMethodWorker.run(TestMethodWorker.java:112)
	at org.testng.TestRunner.privateRun(TestRunner.java:778)
	at org.testng.TestRunner.run(TestRunner.java:632)
	at org.testng.SuiteRunner.runTest(SuiteRunner.java:366)
	at org.testng.SuiteRunner.runSequentially(SuiteRunner.java:361)
	at org.testng.SuiteRunner.privateRun(SuiteRunner.java:319)
	at org.testng.SuiteRunner.run(SuiteRunner.java:268)
	at org.testng.SuiteRunnerWorker.runSuite(SuiteRunnerWorker.java:52)
	at org.testng.SuiteRunnerWorker.run(SuiteRunnerWorker.java:86)
	at org.testng.TestNG.runSuitesSequentially(TestNG.java:1225)
	at org.testng.TestNG.runSuitesLocally(TestNG.java:1150)
	at org.testng.TestNG.runSuites(TestNG.java:1075)
	at org.testng.TestNG.run(TestNG.java:1047)
	at org.testng.remote.AbstractRemoteTestNG.run(AbstractRemoteTestNG.java:126)
	at org.testng.remote.RemoteTestNG.initAndRun(RemoteTestNG.java:137)
	at org.testng.remote.RemoteTestNG.main(RemoteTestNG.java:58)
]]>
    </error>
  </testcase> <!-- QAsendsToSP -->
  <testcase name="pegaRegression" time="0.050" classname="com.markit.common.framework.runtestsuit.PegaRegression_RunTestSuit"/>
</testsuite> <!-- com.markit.common.framework.runtestsuit.PegaRegression_RunTestSuit -->
